<?xml version="1.0" encoding="UTF-8"?>
<!-- Generated by org.testng.reporters.JUnitXMLReporter -->
<testsuite hostname="ML-J5P86S2" ignored="0" name="Test" tests="3" failures="0" timestamp="06 Nov 2020 06:08:17 GMT" time="52.548" errors="0">
  <testcase name="test" time="52.433" classname="Practise.AppiumFramework.ApiDemoTest"/>
  <testcase name="datatest" time="0.001" classname="Practise.AppiumFramework.DataProviderTest"/>
  <testcase name="datatest" time="0.001" classname="Practise.AppiumFramework.DataProviderTest"/>
</testsuite> <!-- Test -->
