<?xml version="1.0" encoding="UTF-8"?>
<!-- Generated by org.testng.reporters.JUnitXMLReporter -->
<testsuite hostname="ML-J5P86S2" ignored="0" name="Test" tests="3" failures="0" timestamp="06 Nov 2020 07:03:40 GMT" time="47.735" errors="0">
  <testcase name="test" time="47.594" classname="Practise.AppiumFramework.ApiDemoTest"/>
  <testcase name="datatest" time="0.0" classname="Practise.AppiumFramework.DataProviderTest"/>
  <testcase name="datatest" time="0.001" classname="Practise.AppiumFramework.DataProviderTest"/>
</testsuite> <!-- Test -->
